<?xml version="1.0" encoding="UTF-8"?>
<!-- Generated by org.testng.reporters.JUnitReportReporter -->
<testsuite hostname="FH400" failures="0" tests="2" name="com.bridgelabz.MultiBrowser" time="14.249" errors="0" timestamp="12 Aug 2019 09:26:55 GMT" skipped="0">
  <testcase classname="com.bridgelabz.MultiBrowser" name="login" time="8.560"/>
  <testcase classname="com.bridgelabz.MultiBrowser" name="login" time="5.689"/>
</testsuite> <!-- com.bridgelabz.MultiBrowser -->
