<?xml version="1.0" encoding="UTF-8"?>
<!-- Generated by org.testng.reporters.JUnitReportReporter -->
<testsuite hostname="FH400" failures="0" tests="1" name="com.bridgelabz.DropDown2" time="5.847" errors="0" timestamp="08 Aug 2019 07:01:38 GMT" skipped="0">
  <testcase classname="com.bridgelabz.DropDown2" name="SelectDD" time="5.847"/>
</testsuite> <!-- com.bridgelabz.DropDown2 -->
