<?xml version="1.0" encoding="UTF-8"?>
<!-- Generated by org.testng.reporters.JUnitReportReporter -->
<testsuite hostname="FH400" failures="0" tests="1" name="com.bridgelabz.TotalValueInDropDown" time="5.295" errors="0" timestamp="08 Aug 2019 07:18:04 GMT" skipped="0">
  <testcase classname="com.bridgelabz.TotalValueInDropDown" name="SelectDD" time="5.295"/>
</testsuite> <!-- com.bridgelabz.TotalValueInDropDown -->
