<?xml version="1.0" encoding="UTF-8"?>
<!-- Generated by org.testng.reporters.JUnitReportReporter -->
<testsuite hostname="FH400" failures="0" tests="1" name="com.bridgelabz.DD" time="5.938" errors="0" timestamp="08 Aug 2019 07:32:22 GMT" skipped="0">
  <testcase classname="com.bridgelabz.DD" name="DD" time="5.938"/>
</testsuite> <!-- com.bridgelabz.DD -->
