<?xml version="1.0" encoding="UTF-8"?>
<!-- Generated by org.testng.reporters.JUnitReportReporter -->
<testsuite hostname="FH400" failures="0" tests="1" name="com.bridgelabz.DropDownList" time="11.204" errors="0" timestamp="08 Aug 2019 07:18:48 GMT" skipped="0">
  <testcase classname="com.bridgelabz.DropDownList" name="SelectDD" time="11.204"/>
</testsuite> <!-- com.bridgelabz.DropDownList -->
